INFO:root:x0 input
INFO:root:y0 input
INFO:root:x1 input
INFO:root:y1 input
INFO:root:Function call: color_check
INFO:root:Function call: draw_desk
INFO:root:the board is drawn successfully the function draw_empty_desk has been called 64 times
INFO:root:figure input
INFO:root:Function call: queen_check
INFO:root:Function call: rook_check
INFO:root:Function call: bishop_check
INFO:root:Function call: draw_desk
INFO:root:the board is drawn successfully the function draw_empty_desk has been called 63 times
INFO:root:x0 input
INFO:root:y0 input
INFO:root:x1 input
INFO:root:y1 input
INFO:root:Function call: color_check
INFO:root:Function call: draw_desk
INFO:root:the board is drawn successfully the function draw_empty_desk has been called 64 times
INFO:root:figure input
INFO:root:Function call: knight_check
INFO:root:x0 input
INFO:root:y0 input
INFO:root:x1 input
INFO:root:y1 input
INFO:root:Function call: color_check
INFO:root:Function call: draw_desk
INFO:root:the board is drawn successfully the function draw_empty_desk has been called 64 times
INFO:root:figure input
INFO:root:Function call: rook_check
INFO:root:Function call: draw_desk
INFO:root:the board is drawn successfully the function draw_empty_desk has been called 63 times
